Log file open, 03/05/17 05:53:01
LogInit:Display: Running engine for game: DataRange
LogPlatformFile: Not using cached read wrapper
LogInit:Display: RandInit(1067770472) SRandInit(1067770472).
LogTaskGraph: Started task graph with 5 named threads and 8 total threads with 1 sets of task threads.
LogStats: Stats thread started at 0.076933
LogPluginManager: Loaded Plugin Paper2D, From D:/Epic Games/4.13/Engine/Plugins/2D/Paper2D/Paper2D.uplugin
LogPluginManager: Loaded Plugin LightPropagationVolume, From D:/Epic Games/4.13/Engine/Plugins/Blendables/LightPropagationVolume/LightPropagationVolume.uplugin
LogPluginManager: Loaded Plugin BlankPlugin, From D:/Epic Games/4.13/Engine/Plugins/Developer/BlankPlugin/BlankPlugin.uplugin
LogPluginManager: Loaded Plugin CodeLiteSourceCodeAccess, From D:/Epic Games/4.13/Engine/Plugins/Developer/CodeLiteSourceCodeAccess/CodeLiteSourceCodeAccess.uplugin
LogPluginManager: Loaded Plugin GitSourceControl, From D:/Epic Games/4.13/Engine/Plugins/Developer/GitSourceControl/GitSourceControl.uplugin
LogPluginManager: Loaded Plugin KDevelopSourceCodeAccess, From D:/Epic Games/4.13/Engine/Plugins/Developer/KDevelopSourceCodeAccess/KDevelopSourceCodeAccess.uplugin
LogPluginManager: Loaded Plugin NullSourceCodeAccess, From D:/Epic Games/4.13/Engine/Plugins/Developer/NullSourceCodeAccess/NullSourceCodeAccess.uplugin
LogPluginManager: Loaded Plugin OneSkyLocalizationService, From D:/Epic Games/4.13/Engine/Plugins/Developer/OneSkyLocalizationService/OneSkyLocalizationService.uplugin
LogPluginManager: Loaded Plugin PerforceSourceControl, From D:/Epic Games/4.13/Engine/Plugins/Developer/PerforceSourceControl/PerforceSourceControl.uplugin
LogPluginManager: Loaded Plugin SubversionSourceControl, From D:/Epic Games/4.13/Engine/Plugins/Developer/SubversionSourceControl/SubversionSourceControl.uplugin
LogPluginManager: Loaded Plugin UObjectPlugin, From D:/Epic Games/4.13/Engine/Plugins/Developer/UObjectPlugin/UObjectPlugin.uplugin
LogPluginManager: Loaded Plugin VisualStudioSourceCodeAccess, From D:/Epic Games/4.13/Engine/Plugins/Developer/VisualStudioSourceCodeAccess/VisualStudioSourceCodeAccess.uplugin
LogPluginManager: Loaded Plugin XCodeSourceCodeAccess, From D:/Epic Games/4.13/Engine/Plugins/Developer/XCodeSourceCodeAccess/XCodeSourceCodeAccess.uplugin
LogPluginManager: Loaded Plugin EpicSurvey, From D:/Epic Games/4.13/Engine/Plugins/Editor/EpicSurvey/EpicSurvey.uplugin
LogPluginManager: Loaded Plugin MacGraphicsSwitching, From D:/Epic Games/4.13/Engine/Plugins/Editor/MacGraphicsSwitching/MacGraphicsSwitching.uplugin
LogPluginManager: Loaded Plugin MobileLauncherProfileWizard, From D:/Epic Games/4.13/Engine/Plugins/Editor/MobileLauncherProfileWizard/MobileLauncherProfileWizard.uplugin
LogPluginManager: Loaded Plugin PluginBrowser, From D:/Epic Games/4.13/Engine/Plugins/Editor/PluginBrowser/PluginBrowser.uplugin
LogPluginManager: Loaded Plugin SpeedTreeImporter, From D:/Epic Games/4.13/Engine/Plugins/Editor/SpeedTreeImporter/SpeedTreeImporter.uplugin
LogPluginManager: Loaded Plugin SuperSearchEditor, From D:/Epic Games/4.13/Engine/Plugins/Editor/SuperSearchEditor/SuperSearchEditor.uplugin
LogPluginManager: Loaded Plugin AlembicImporter, From D:/Epic Games/4.13/Engine/Plugins/Experimental/AlembicImporter/AlembicImporter.uplugin
LogPluginManager: Loaded Plugin BlueprintStats, From D:/Epic Games/4.13/Engine/Plugins/Experimental/BlueprintStats/BlueprintStats.uplugin
LogPluginManager: Loaded Plugin CharacterAI, From D:/Epic Games/4.13/Engine/Plugins/Experimental/CharacterAI/CharacterAI.uplugin
LogPluginManager: Loaded Plugin CodeEditor, From D:/Epic Games/4.13/Engine/Plugins/Experimental/CodeEditor/CodeEditor.uplugin
LogPluginManager: Loaded Plugin CodeView, From D:/Epic Games/4.13/Engine/Plugins/Experimental/CodeView/CodeView.uplugin
LogPluginManager: Loaded Plugin HTML5Networking, From D:/Epic Games/4.13/Engine/Plugins/Experimental/HTML5Networking/HTML5Networking.uplugin
LogPluginManager: Loaded Plugin LiveEditor, From D:/Epic Games/4.13/Engine/Plugins/Experimental/LiveEditor/LiveEditor.uplugin
LogPluginManager: Loaded Plugin OSVR, From D:/Epic Games/4.13/Engine/Plugins/Experimental/OSVR/OSVR.uplugin
LogPluginManager: Loaded Plugin Phya, From D:/Epic Games/4.13/Engine/Plugins/Experimental/Phya/Phya.uplugin
LogPluginManager: Loaded Plugin SignificanceManager, From D:/Epic Games/4.13/Engine/Plugins/Experimental/SignificanceManager/SignificanceManager.uplugin
LogPluginManager: Loaded Plugin SimpleHMD, From D:/Epic Games/4.13/Engine/Plugins/Experimental/SimpleHMD/SimpleHMD.uplugin
LogPluginManager: Loaded Plugin StereoPanorama, From D:/Epic Games/4.13/Engine/Plugins/Experimental/StereoPanorama/StereoPanorama.uplugin
LogPluginManager: Loaded Plugin StructBox, From D:/Epic Games/4.13/Engine/Plugins/Experimental/StructBox/StructBox.uplugin
LogPluginManager: Loaded Plugin AndroidMedia, From D:/Epic Games/4.13/Engine/Plugins/Media/AndroidMedia/AndroidMedia.uplugin
LogPluginManager: Loaded Plugin AvfMedia, From D:/Epic Games/4.13/Engine/Plugins/Media/AvfMedia/AvfMedia.uplugin
LogPluginManager: Loaded Plugin MediaPlayerEditor, From D:/Epic Games/4.13/Engine/Plugins/Media/MediaPlayerEditor/MediaPlayerEditor.uplugin
LogPluginManager: Loaded Plugin WmfMedia, From D:/Epic Games/4.13/Engine/Plugins/Media/WmfMedia/WmfMedia.uplugin
LogPluginManager: Loaded Plugin MessagingDebugger, From D:/Epic Games/4.13/Engine/Plugins/Messaging/MessagingDebugger/MessagingDebugger.uplugin
LogPluginManager: Loaded Plugin TcpMessaging, From D:/Epic Games/4.13/Engine/Plugins/Messaging/TcpMessaging/TcpMessaging.uplugin
LogPluginManager: Loaded Plugin UdpMessaging, From D:/Epic Games/4.13/Engine/Plugins/Messaging/UdpMessaging/UdpMessaging.uplugin
LogPluginManager: Loaded Plugin LevelSequenceEditor, From D:/Epic Games/4.13/Engine/Plugins/MovieScene/LevelSequenceEditor/LevelSequenceEditor.uplugin
LogPluginManager: Loaded Plugin MatineeToLevelSequence, From D:/Epic Games/4.13/Engine/Plugins/MovieScene/MatineeToLevelSequence/MatineeToLevelSequence.uplugin
LogPluginManager: Loaded Plugin NetcodeUnitTest, From D:/Epic Games/4.13/Engine/Plugins/NetcodeUnitTest/NetcodeUnitTest/NetcodeUnitTest.uplugin
LogPluginManager: Loaded Plugin NUTUnrealEngine4, From D:/Epic Games/4.13/Engine/Plugins/NetcodeUnitTest/NUTUnrealEngine4/NUTUnrealEngine4.uplugin
LogPluginManager: Loaded Plugin OnlineSubsystemGooglePlay, From D:/Epic Games/4.13/Engine/Plugins/Online/Android/OnlineSubsystemGooglePlay/OnlineSubsystemGooglePlay.uplugin
LogPluginManager: Loaded Plugin OnlineSubsystemIOS, From D:/Epic Games/4.13/Engine/Plugins/Online/IOS/OnlineSubsystemIOS/OnlineSubsystemIOS.uplugin
LogPluginManager: Loaded Plugin OnlineFramework, From D:/Epic Games/4.13/Engine/Plugins/Online/OnlineFramework/OnlineFramework.uplugin
LogPluginManager: Loaded Plugin OnlineSubsystem, From D:/Epic Games/4.13/Engine/Plugins/Online/OnlineSubsystem/OnlineSubsystem.uplugin
LogPluginManager: Loaded Plugin OnlineSubsystemAmazon, From D:/Epic Games/4.13/Engine/Plugins/Online/OnlineSubsystemAmazon/OnlineSubsystemAmazon.uplugin
LogPluginManager: Loaded Plugin OnlineSubsystemFacebook, From D:/Epic Games/4.13/Engine/Plugins/Online/OnlineSubsystemFacebook/OnlineSubsystemFacebook.uplugin
LogPluginManager: Loaded Plugin OnlineSubsystemNull, From D:/Epic Games/4.13/Engine/Plugins/Online/OnlineSubsystemNull/OnlineSubsystemNull.uplugin
LogPluginManager: Loaded Plugin OnlineSubsystemOculus, From D:/Epic Games/4.13/Engine/Plugins/Online/OnlineSubsystemOculus/OnlineSubsystemOculus.uplugin
LogPluginManager: Loaded Plugin OnlineSubsystemSteam, From D:/Epic Games/4.13/Engine/Plugins/Online/OnlineSubsystemSteam/OnlineSubsystemSteam.uplugin
LogPluginManager: Loaded Plugin OnlineSubsystemUtils, From D:/Epic Games/4.13/Engine/Plugins/Online/OnlineSubsystemUtils/OnlineSubsystemUtils.uplugin
LogPluginManager: Loaded Plugin IOSTapJoy, From D:/Epic Games/4.13/Engine/Plugins/Runtime/Advertising/IOSTapJoy/IOSTapJoy.uplugin
LogPluginManager: Loaded Plugin AnalyticsBlueprintLibrary, From D:/Epic Games/4.13/Engine/Plugins/Runtime/Analytics/AnalyticsBlueprintLibrary/AnalyticsBlueprintLibrary.uplugin
LogPluginManager: Loaded Plugin AnalyticsMulticast, From D:/Epic Games/4.13/Engine/Plugins/Runtime/Analytics/AnalyticsMulticast/AnalyticsMulticast.uplugin
LogPluginManager: Loaded Plugin Apsalar, From D:/Epic Games/4.13/Engine/Plugins/Runtime/Analytics/Apsalar/Apsalar.uplugin
LogPluginManager: Loaded Plugin FileLogging, From D:/Epic Games/4.13/Engine/Plugins/Runtime/Analytics/FileLogging/FileLogging.uplugin
LogPluginManager: Loaded Plugin Flurry, From D:/Epic Games/4.13/Engine/Plugins/Runtime/Analytics/Flurry/Flurry.uplugin
LogPluginManager: Loaded Plugin AndroidDeviceProfileSelector, From D:/Epic Games/4.13/Engine/Plugins/Runtime/AndroidDeviceProfileSelector/AndroidDeviceProfileSelector.uplugin
LogPluginManager: Loaded Plugin AndroidMoviePlayer, From D:/Epic Games/4.13/Engine/Plugins/Runtime/AndroidMoviePlayer/AndroidMoviePlayer.uplugin
LogPluginManager: Loaded Plugin AppleMoviePlayer, From D:/Epic Games/4.13/Engine/Plugins/Runtime/AppleMoviePlayer/AppleMoviePlayer.uplugin
LogPluginManager: Loaded Plugin ArchVisCharacter, From D:/Epic Games/4.13/Engine/Plugins/Runtime/ArchVisCharacter/ArchVisCharacter.uplugin
LogPluginManager: Loaded Plugin CableComponent, From D:/Epic Games/4.13/Engine/Plugins/Runtime/CableComponent/CableComponent.uplugin
LogPluginManager: Loaded Plugin CustomMeshComponent, From D:/Epic Games/4.13/Engine/Plugins/Runtime/CustomMeshComponent/CustomMeshComponent.uplugin
LogPluginManager: Loaded Plugin ExampleDeviceProfileSelector, From D:/Epic Games/4.13/Engine/Plugins/Runtime/ExampleDeviceProfileSelector/ExampleDeviceProfileSelector.uplugin
LogPluginManager: Loaded Plugin GearVR, From D:/Epic Games/4.13/Engine/Plugins/Runtime/GearVR/GearVR.uplugin
LogPluginManager: Loaded Plugin GoogleVRController, From D:/Epic Games/4.13/Engine/Plugins/Runtime/GoogleVR/GoogleVRController/GoogleVRController.uplugin
LogPluginManager: Loaded Plugin GoogleVRHMD, From D:/Epic Games/4.13/Engine/Plugins/Runtime/GoogleVR/GoogleVRHMD/GoogleVRHMD.uplugin
LogPluginManager: Loaded Plugin IOSDeviceProfileSelector, From D:/Epic Games/4.13/Engine/Plugins/Runtime/IOSDeviceProfileSelector/IOSDeviceProfileSelector.uplugin
LogPluginManager: Loaded Plugin LeapMotion, From D:/Epic Games/4.13/Engine/Plugins/Runtime/LeapMotion/LeapMotion.uplugin
LogPluginManager: Loaded Plugin LinuxDeviceProfileSelector, From D:/Epic Games/4.13/Engine/Plugins/Runtime/LinuxDeviceProfileSelector/LinuxDeviceProfileSelector.uplugin
LogPluginManager: Loaded Plugin LiveEditorListenServer, From D:/Epic Games/4.13/Engine/Plugins/Runtime/LiveEditorListenServer/LiveEditorListenServer.uplugin
LogPluginManager: Loaded Plugin OculusAudio, From D:/Epic Games/4.13/Engine/Plugins/Runtime/OculusAudio/OculusAudio.uplugin
LogPluginManager: Loaded Plugin OculusInput, From D:/Epic Games/4.13/Engine/Plugins/Runtime/OculusInput/OculusInput.uplugin
LogPluginManager: Loaded Plugin OculusLibrary, From D:/Epic Games/4.13/Engine/Plugins/Runtime/OculusLibrary/OculusLibrary.uplugin
LogPluginManager: Loaded Plugin OculusRift, From D:/Epic Games/4.13/Engine/Plugins/Runtime/OculusRift/OculusRift.uplugin
LogPluginManager: Loaded Plugin Oodle, From D:/Epic Games/4.13/Engine/Plugins/Runtime/PacketHandlers/CompressionComponents/Oodle/Oodle.uplugin
LogPluginManager: Loaded Plugin ProceduralMeshComponent, From D:/Epic Games/4.13/Engine/Plugins/Runtime/ProceduralMeshComponent/ProceduralMeshComponent.uplugin
LogPluginManager: Loaded Plugin SoundMod, From D:/Epic Games/4.13/Engine/Plugins/Runtime/SoundMod/SoundMod.uplugin
LogPluginManager: Loaded Plugin SoundVisualizations, From D:/Epic Games/4.13/Engine/Plugins/Runtime/SoundVisualizations/SoundVisualizations.uplugin
LogPluginManager: Loaded Plugin SteamController, From D:/Epic Games/4.13/Engine/Plugins/Runtime/Steam/SteamController/SteamController.uplugin
LogPluginManager: Loaded Plugin SteamVR, From D:/Epic Games/4.13/Engine/Plugins/Runtime/Steam/SteamVR/SteamVR.uplugin
LogPluginManager: Loaded Plugin WebBrowserWidget, From D:/Epic Games/4.13/Engine/Plugins/Runtime/WebBrowserWidget/WebBrowserWidget.uplugin
LogPluginManager: Loaded Plugin WindowsDeviceProfileSelector, From D:/Epic Games/4.13/Engine/Plugins/Runtime/WindowsDeviceProfileSelector/WindowsDeviceProfileSelector.uplugin
LogPluginManager: Loaded Plugin WindowsMoviePlayer, From D:/Epic Games/4.13/Engine/Plugins/Runtime/WindowsMoviePlayer/WindowsMoviePlayer.uplugin
LogPluginManager: Loaded Plugin ScriptPlugin, From D:/Epic Games/4.13/Engine/Plugins/ScriptPlugin/ScriptPlugin.uplugin
LogPluginManager: Loaded Plugin SlateRemote, From D:/Epic Games/4.13/Engine/Plugins/Slate/SlateRemote/SlateRemote.uplugin
LogInit: Using libcurl 7.47.1
LogInit:  - built for x86_64-pc-win32
LogInit:  - supports SSL with WinSSL
LogInit:  - other features:
LogInit:      CURL_VERSION_SSL
LogInit:      CURL_VERSION_IPV6
LogInit:      CURL_VERSION_ASYNCHDNS
LogInit:      CURL_VERSION_LARGEFILE
LogInit:      CURL_VERSION_IDN
LogInit:  CurlRequestOptions (configurable via config and command line):
LogInit:  - bVerifyPeer = false  - Libcurl will NOT verify peer certificate
LogInit:  - bUseHttpProxy = false  - Libcurl will NOT use HTTP proxy
LogInit:  - bDontReuseConnections = false  - Libcurl will reuse connections
LogInit:  - CertBundlePath = nullptr  - Libcurl will use whatever was configured at build time.
LogInit: Build: ++UE4+Release-4.13-CL-3172292
LogInit: Engine Version: 4.13.2-3172292+++UE4+Release-4.13
LogInit: Compatible Engine Version: 4.13.0-3106830+++UE4+Release-4.13
LogInit: Net CL: 3172292
LogDevObjectVersion: Number of dev versions registered: 13
LogDevObjectVersion:   Dev-Blueprints (B0D832E4-1F89-4F0D-ACCF-7EB736FD4AA2): 5
LogDevObjectVersion:   Dev-Build (E1C64328-A22C-4D53-A36C-8E866417BD8C): 0
LogDevObjectVersion:   Dev-Core (375EC13C-06E4-48FB-B500-84F0262A717E): 1
LogDevObjectVersion:   Dev-Editor (E4B068ED-F494-42E9-A231-DA0B2E46BB41): 6
LogDevObjectVersion:   Dev-Framework (CFFC743F-43B0-4480-9391-14DF171D2073): 12
LogDevObjectVersion:   Dev-Mobile (B02B49B5-BB20-44E9-A304-32B752E40360): 0
LogDevObjectVersion:   Dev-Networking (A4E4105C-59A1-49B5-A7C5-40C4547EDFEE): 0
LogDevObjectVersion:   Dev-Online (39C831C9-5AE6-47DC-9A44-9C173E1C8E7C): 0
LogDevObjectVersion:   Dev-Physics (78F01B33-EBEA-4F98-B9B4-84EACCB95AA2): 0
LogDevObjectVersion:   Dev-Platform (6631380F-2D4D-43E0-8009-CF276956A95A): 0
LogDevObjectVersion:   Dev-Rendering (12F88B9F-8875-4AFC-A67C-D90C383ABD29): 4
LogDevObjectVersion:   Dev-Sequencer (7B5AE74C-D270-4C10-A958-57980B212A5A): 0
LogDevObjectVersion:   Dev-VR (D7296918-1DD6-4BDD-9DE2-64A83CC13884): 0
LogInit: Compiled (64-bit): Oct 24 2016 14:29:06
LogInit: Compiled with Visual C++: 19.00.23026.00
LogInit: Build Configuration: Development
LogInit: Branch Name: ++UE4+Release-4.13
LogInit: Command line:  
LogInit: Base directory: D:/Epic Games/4.13/Engine/Binaries/Win64/
LogInit: Installed Engine Build: 1
LogInit: Presizing for max 8388607 objects, including 0 objects not considered by GC, pre-allocating 0 bytes for permanent pool.
LogInit: Object subsystem initialized
[2017.03.05-10.53.01:393][  0]LogConsoleManager:Display: Setting the console variable 'r.RHICmdBypass' with 'SetByProjectSetting' was ignored as it is lower priority than the previous 'SetBySystemSettingsIni'
[2017.03.05-10.53.01:401][  0]LogInit: Selected Device Profile: [Windows]
[2017.03.05-10.53.01:401][  0]LogInit: Applying CVar settings loaded from the selected device profile: [Windows]
[2017.03.05-10.53.01:412][  0]LogInit: Computer: DESKTOP-1O2HM3F
[2017.03.05-10.53.01:412][  0]LogInit: User: hunte
[2017.03.05-10.53.01:412][  0]LogInit: CPU Page size=65536, Cores=4
[2017.03.05-10.53.01:412][  0]LogInit: High frequency timer resolution =3.320332 MHz
[2017.03.05-10.53.01:412][  0]LogMemory: Memory total: Physical=7.9GB (8GB approx)
[2017.03.05-10.53.01:412][  0]LogMemory: Platform Memory Stats for Windows
[2017.03.05-10.53.01:412][  0]LogMemory: Process Physical Memory: 256.62 MB used, 256.62 MB peak
[2017.03.05-10.53.01:412][  0]LogMemory: Process Virtual Memory: 259.89 MB used, 259.89 MB peak
[2017.03.05-10.53.01:412][  0]LogMemory: Physical Memory: 5437.23 MB used, 8076.40 MB total
[2017.03.05-10.53.01:412][  0]LogMemory: Virtual Memory: 622.36 MB used, 134217728.00 MB total
[2017.03.05-10.53.01:445][  0]LogTextLocalizationManager: No specific translations for ('en-US') exist, so ('en') translations will be used.
[2017.03.05-10.53.02:130][  0]LogD3D11RHI: D3D11 adapters:
[2017.03.05-10.53.02:154][  0]LogD3D11RHI:    0. 'Radeon (TM) RX 480 Graphics' (Feature Level 11_0)
[2017.03.05-10.53.02:154][  0]LogD3D11RHI:       8140/0/4038 MB DedicatedVideo/DedicatedSystem/SharedSystem, Outputs:2, VendorId:0x1002
[2017.03.05-10.53.02:158][  0]LogD3D11RHI:    1. 'Intel(R) HD Graphics 4000' (Feature Level 11_0)
[2017.03.05-10.53.02:158][  0]LogD3D11RHI:       32/0/1760 MB DedicatedVideo/DedicatedSystem/SharedSystem, Outputs:0, VendorId:0x8086
[2017.03.05-10.53.02:159][  0]LogD3D11RHI:    2. 'Microsoft Basic Render Driver' (Feature Level 11_0)
[2017.03.05-10.53.02:159][  0]LogD3D11RHI:       0/0/4038 MB DedicatedVideo/DedicatedSystem/SharedSystem, Outputs:0, VendorId:0x1414
[2017.03.05-10.53.02:159][  0]LogD3D11RHI: Chosen D3D11 Adapter: 0
[2017.03.05-10.53.02:164][  0]LogD3D11RHI: Creating new Direct3DDevice
[2017.03.05-10.53.02:164][  0]LogD3D11RHI:     GPU DeviceId: 0x67df (for the marketing name, search the web for "GPU Device Id")
[2017.03.05-10.53.02:164][  0]LogWindows: EnumDisplayDevices:
[2017.03.05-10.53.02:164][  0]LogWindows:    0. 'Radeon (TM) RX 480 Graphics' (P:0 D:1)
[2017.03.05-10.53.02:164][  0]LogWindows:    1. 'Radeon (TM) RX 480 Graphics' (P:1 D:1)
[2017.03.05-10.53.02:164][  0]LogWindows:    2. 'Radeon (TM) RX 480 Graphics' (P:0 D:0)
[2017.03.05-10.53.02:164][  0]LogWindows:    3. 'Radeon (TM) RX 480 Graphics' (P:0 D:0)
[2017.03.05-10.53.02:165][  0]LogWindows:    4. 'Radeon (TM) RX 480 Graphics' (P:0 D:0)
[2017.03.05-10.53.02:165][  0]LogWindows:    5. 'Radeon (TM) RX 480 Graphics' (P:0 D:0)
[2017.03.05-10.53.02:165][  0]LogWindows:    6. 'Intel(R) HD Graphics 4000' (P:0 D:0)
[2017.03.05-10.53.02:165][  0]LogWindows:    7. 'Intel(R) HD Graphics 4000' (P:0 D:0)
[2017.03.05-10.53.02:165][  0]LogWindows:    8. 'Intel(R) HD Graphics 4000' (P:0 D:0)
[2017.03.05-10.53.02:166][  0]LogWindows: DebugString: PrimaryIsNotTheChoosenAdapter PrimaryIsNotTheChoosenAdapter PrimaryIsNotTheChoosenAdapter FoundDriverCount:6 
[2017.03.05-10.53.02:166][  0]LogD3D11RHI:     Adapter Name: Radeon (TM) RX 480 Graphics
[2017.03.05-10.53.02:166][  0]LogD3D11RHI:   Driver Version: Crimson 16.6 (internal:21.19.137.514, unified:21.19.137.514)
[2017.03.05-10.53.02:166][  0]LogD3D11RHI:      Driver Date: 11-21-2016
[2017.03.05-10.53.02:166][  0]LogRHI: Texture pool is 1361 MB (70% of 1945 MB)
[2017.03.05-10.53.02:182][  0]LogD3D11RHI: Async texture creation enabled
[2017.03.05-10.53.02:192][  0]LogD3D11RHI: GPU Timing Frequency: 25.000000 (Debug: 2 1)
[2017.03.05-10.53.02:192][  0]LogShaderCompilers: Guid format shader working directory is 11 characters bigger than the processId version (C:/Users/hunte/DataRange/DataRange/Intermediate/Shaders/WorkingDirectory/14636/).
[2017.03.05-10.53.02:193][  0]LogShaderCompilers: Cleaned the shader compiler working directory 'C:/Users/hunte/AppData/Local/Temp/UnrealShaderWorkingDir/213C4C3E44E9F4B5FFBD8B8ACC479C90/'.
[2017.03.05-10.53.02:193][  0]LogShaderCompilers:Display: Using Local Shader Compiler.
[2017.03.05-10.53.03:142][  0]LogTemp:Display: Loaded TP AllDesktopTargetPlatform
[2017.03.05-10.53.03:152][  0]LogTemp:Display: Loaded TP WindowsClientTargetPlatform
[2017.03.05-10.53.03:162][  0]LogTemp:Display: Loaded TP WindowsNoEditorTargetPlatform
[2017.03.05-10.53.03:172][  0]LogTemp:Display: Loaded TP WindowsServerTargetPlatform
[2017.03.05-10.53.03:181][  0]LogTemp:Display: Loaded TP WindowsTargetPlatform
[2017.03.05-10.53.03:188][  0]LogTemp:Display: Loaded TP AndroidTargetPlatform
[2017.03.05-10.53.03:195][  0]LogTemp:Display: Loaded TP Android_ASTCTargetPlatform
[2017.03.05-10.53.03:203][  0]LogTemp:Display: Loaded TP Android_ATCTargetPlatform
[2017.03.05-10.53.03:210][  0]LogTemp:Display: Loaded TP Android_DXTTargetPlatform
[2017.03.05-10.53.03:218][  0]LogTemp:Display: Loaded TP Android_ETC1TargetPlatform
[2017.03.05-10.53.03:225][  0]LogTemp:Display: Loaded TP Android_ETC2TargetPlatform
[2017.03.05-10.53.03:240][  0]LogTemp:Display: Loaded TP Android_MultiTargetPlatform
[2017.03.05-10.53.03:240][  0]LogTemp:Display: Loaded TP Android_PVRTCTargetPlatform
[2017.03.05-10.53.03:241][  0]LogTemp:Display: Loaded TP HTML5TargetPlatform
[2017.03.05-10.53.03:261][  0]LogTemp:Display: Loaded TP IOSTargetPlatform
[2017.03.05-10.53.03:268][  0]LogTemp:Display: Loaded TP TVOSTargetPlatform
[2017.03.05-10.53.03:274][  0]LogTemp:Display: Loaded TP LinuxClientTargetPlatform
[2017.03.05-10.53.03:281][  0]LogTemp:Display: Loaded TP LinuxNoEditorTargetPlatform
[2017.03.05-10.53.03:288][  0]LogTemp:Display: Loaded TP LinuxServerTargetPlatform
[2017.03.05-10.53.03:295][  0]LogTemp:Display: Loaded TP LinuxTargetPlatform
[2017.03.05-10.53.03:295][  0]LogTargetPlatformManager:Display: Building Assets For Windows
[2017.03.05-10.53.03:390][  0]LogDerivedDataCache:Display: Max Cache Size: 512 MB
[2017.03.05-10.53.03:472][  0]LogDerivedDataCache: Loaded boot cache 0.08s 88MB C:/Users/hunte/AppData/Local/UnrealEngine/4.13/DerivedDataCache/Boot.ddc.
[2017.03.05-10.53.03:472][  0]LogDerivedDataCache:Display: Loaded Boot cache: C:/Users/hunte/AppData/Local/UnrealEngine/4.13/DerivedDataCache/Boot.ddc
[2017.03.05-10.53.03:472][  0]LogDerivedDataCache: FDerivedDataBackendGraph:  Pak pak cache file C:/Users/hunte/DataRange/DataRange/DerivedDataCache/DDC.ddp not found, will not use a pak cache.
[2017.03.05-10.53.03:472][  0]LogDerivedDataCache: Unable to find inner node Pak for hierarchical cache Hierarchy.
[2017.03.05-10.53.03:472][  0]LogDerivedDataCache: FDerivedDataBackendGraph:  CompressedPak pak cache file C:/Users/hunte/DataRange/DataRange/DerivedDataCache/Compressed.ddp not found, will not use a pak cache.
[2017.03.05-10.53.03:472][  0]LogDerivedDataCache: Unable to find inner node CompressedPak for hierarchical cache Hierarchy.
[2017.03.05-10.53.03:489][  0]LogDerivedDataCache:Display: Pak cache opened for reading ../../../Engine/DerivedDataCache/Compressed.ddp.
[2017.03.05-10.53.03:501][  0]LogDerivedDataCache: Using Local data cache path C:/Users/hunte/AppData/Local/UnrealEngine/Common/DerivedDataCache: Writable
[2017.03.05-10.53.03:728][  0]LogInit: Selected Device Profile: [Windows]
[2017.03.05-10.53.03:731][  0]LogContentStreaming: Texture pool size is 0.00 MB
[2017.03.05-10.53.03:833][  0]LogMeshUtilities: No automatic mesh reduction module available
[2017.03.05-10.53.03:833][  0]LogMeshUtilities: No automatic mesh merging module available
[2017.03.05-10.53.03:833][  0]LogMeshUtilities: No distributed automatic mesh merging module available
[2017.03.05-10.53.03:904][  0]LogMaterial: Uniform references updated for custom material expression Custom.
[2017.03.05-10.53.04:195][  0]LogNetVersion: GetLocalNetworkVersion: CL: 3106830, ProjectName: datarange, ProjectVersion: , EngineNetworkVersion: 1, GameNetworkVersion: 0, NetworkChecksum: 1491704210
[2017.03.05-10.53.04:232][  0]LogAssetRegistry: FAssetRegistry took 0.0211 seconds to start up
[2017.03.05-10.53.04:256][  0]LogPackageLocalizationCache: Processed 3 localized package path(s) for 2 prioritized culture(s) in 0.021789 seconds
[2017.03.05-10.53.04:262][  0]LogUObjectArray: 29778 objects as part of root set at end of initial load.
[2017.03.05-10.53.04:262][  0]LogUObjectAllocator: 6125448 out of 0 bytes used by permanent object pool.
[2017.03.05-10.53.04:262][  0]LogUObjectArray: CloseDisregardForGC: 0/0 objects in disregard for GC pool
[2017.03.05-10.53.04:269][  0]LogInit: WinSock: version 1.1 (2.2), MaxSocks=32767, MaxUdp=65467
[2017.03.05-10.53.04:498][  0]LogSlate: SlateFontCache - WITH_FREETYPE: 1, WITH_HARFBUZZ: 1
[2017.03.05-10.53.04:498][  0]LogSlate: SlateFontCache - WITH_FREETYPE: 1, WITH_HARFBUZZ: 1
[2017.03.05-10.53.05:253][  0]LogTcpMessaging: Initializing TcpMessaging bridge
[2017.03.05-10.53.05:277][  0]LogUdpMessaging: Initializing bridge on interface 0.0.0.0:0 to multicast group 230.0.0.1:6666.
[2017.03.05-10.53.05:553][  0]SourceControl: Info Source control is disabled
[2017.03.05-10.53.05:553][  0]SourceControl: Info Source control is disabled
[2017.03.05-10.53.05:566][  0]SourceControl: Info Source control is disabled
[2017.03.05-10.53.05:580][  0]SourceControl: Info Source control is disabled
[2017.03.05-10.53.05:965][  0]LogEngine: Initializing Engine...
[2017.03.05-10.53.06:544][  0]LogHMD: SteamVR initialized.  Driver: lighthouse  Display: LHR-1BA75C06
[2017.03.05-10.53.06:698][  0]LogAIModule: Creating AISystem for world Untitled
[2017.03.05-10.53.06:733][  0]LogInit: XAudio2 using 'Speakers (7- USB Audio Device)' : 2 channels at 44.1 kHz using 16 bits per sample (channel mask 0x3)
[2017.03.05-10.53.06:748][  0]LogInit: FAudioDevice initialized.
[2017.03.05-10.53.06:794][  0]LogDerivedDataCache: Saved boot cache 0.05s 88MB C:/Users/hunte/AppData/Local/UnrealEngine/4.13/DerivedDataCache/Boot.ddc.
[2017.03.05-10.53.06:805][  0]LogInit: Texture streaming: Enabled
[2017.03.05-10.53.06:835][  0]LogInit: Transaction tracking system initialized
[2017.03.05-10.53.06:861][  0]BlueprintLog: New page: Editor Load
[2017.03.05-10.53.06:946][  0]LocalizationService: Info Localization service is disabled
[2017.03.05-10.53.07:039][  0]LogConsoleResponse:Display: 
[2017.03.05-10.53.07:143][  0]LogCook:Display: Max memory allowance for cook 16384mb min free memory 0mb
[2017.03.05-10.53.07:143][  0]LogCook:Display: Mobile HDR setting 1
[2017.03.05-10.53.07:352][  0]LogFileCache: Scanning file cache for directory 'C:/Users/hunte/DataRange/DataRange/Content/' took 0.01s
[2017.03.05-10.53.07:352][  0]SourceControl: Info Source control is disabled
[2017.03.05-10.53.07:352][  0]Cmd: MAP LOAD FILE="C:/Users/hunte/DataRange/DataRange/Content/VirtualRealityBP/Maps/StartupMap.umap" TEMPLATE=0 SHOWPROGRESS=1 FEATURELEVEL=3
[2017.03.05-10.53.07:352][  0]LogEditorServer:Warning: Can't find file 'C:/Users/hunte/DataRange/DataRange/Content/VirtualRealityBP/Maps/StartupMap.umap'
[2017.03.05-10.53.07:352][  0]Cmd: MAP CHECKDEP NOCLEARLOG
[2017.03.05-10.53.07:397][  0]MapCheck: Info Map check complete: 0 Error(s), 0 Warning(s), took 45.333ms to complete.
[2017.03.05-10.53.07:397][  0]LogFileHelpers: Loading map 'StartupMap' took 0.046
[2017.03.05-10.53.07:539][  0]LogCollectionManager: Loaded 0 collections in 0.002011 seconds
[2017.03.05-10.53.07:583][  0]LogFileCache: Scanning file cache for directory 'C:/Users/hunte/DataRange/DataRange/Saved/Collections/' took 0.01s
[2017.03.05-10.53.07:583][  0]LogFileCache: Scanning file cache for directory 'C:/Users/hunte/DataRange/DataRange/Content/Developers/hunte/Collections/' took 0.01s
[2017.03.05-10.53.07:583][  0]LogFileCache: Scanning file cache for directory 'C:/Users/hunte/DataRange/DataRange/Content/Collections/' took 0.01s
[2017.03.05-10.53.07:583][  0]LogCollectionManager: Rebuilt the GUID cache for 0 collections in 0.000002 seconds
[2017.03.05-10.53.07:593][  0]LogContentBrowser: Native class hierarchy populated in 0.0093 seconds. Added 2141 classes and 415 folders.
[2017.03.05-10.53.07:597][  0]LogStats: UGameplayTagsManager::ConstructGameplayTagTree: Construct from data asset -  0.000 s
[2017.03.05-10.53.07:597][  0]LogStats: UGameplayTagsManager::ConstructGameplayTagTree: GameplayTagTreeChangedEvent.Broadcast -  0.000 s
[2017.03.05-10.53.07:597][  0]LogContentBrowser: Native class hierarchy updated for 'GameplayTags' in 0.0006 seconds. Added 12 classes and 0 folders.
[2017.03.05-10.53.07:603][  0]LogContentBrowser: Native class hierarchy updated for 'WidgetCarousel' in 0.0004 seconds. Added 0 classes and 0 folders.
[2017.03.05-10.53.07:659][  0]LogContentBrowser: Native class hierarchy updated for 'AddContentDialog' in 0.0005 seconds. Added 0 classes and 0 folders.
[2017.03.05-10.53.07:664][  0]LogContentBrowser: Native class hierarchy updated for 'SceneOutliner' in 0.0004 seconds. Added 1 classes and 2 folders.
[2017.03.05-10.53.07:678][  0]LogCrashTracker: Crashtracker disabled due to settings.
[2017.03.05-10.53.07:682][  0]LogUObjectGlobals:Warning: Failed to find object 'Class None.'
[2017.03.05-10.53.07:709][  0]LogContentBrowser: Native class hierarchy updated for 'HierarchicalLODOutliner' in 0.0005 seconds. Added 1 classes and 2 folders.
[2017.03.05-10.53.07:710][  0]LogLoad: (Engine Initialization) Total time: 7.37 seconds
[2017.03.05-10.53.07:710][  0]LogLoad: (Engine Initialization) Total Blueprint compile time: 0.01 seconds
[2017.03.05-10.53.07:710][  0]LogExternalProfiler: Found external profiler: VSPerf
[2017.03.05-10.53.07:710][  0]LogExternalProfiler: Using external profiler: VSPerf
[2017.03.05-10.53.07:718][  0]LogWindowsTextInputMethodSystem:Display: IME system now deactivated.
[2017.03.05-10.53.07:719][  0]LogOcInput: OculusInput pre-init called
[2017.03.05-10.53.07:738][  0]LogContentStreaming: Texture pool size now 1000 MB
[2017.03.05-10.53.07:883][  2]LogRenderer: Reallocating scene render targets to support 1056x392 (Frame:2).
[2017.03.05-10.53.07:946][  2]LogAssetRegistry: Asset discovery search completed in 3.7355 seconds
[2017.03.05-10.53.07:946][  2]LogCollectionManager: Rebuilt the object cache for 0 collections in 0.000001 seconds (found 0 objects)
[2017.03.05-10.53.07:946][  2]LogCollectionManager: Fixed up redirectors for 0 collections in 0.000021 seconds (updated 0 objects)
[2017.03.05-10.53.17:447][ 46]LogAIModule: Creating AISystem for world MotionControllerMap
[2017.03.05-10.53.17:478][ 46]Cmd: MAP LOAD FILE="C:/Users/hunte/DataRange/DataRange/Content/VirtualRealityBP/Maps/MotionControllerMap.umap" TEMPLATE=0 SHOWPROGRESS=1 FEATURELEVEL=3
[2017.03.05-10.53.17:478][ 46]LightingResults: New page: Lighting Build
[2017.03.05-10.53.17:482][ 46]LogContentBrowser: Native class hierarchy updated for 'StatsViewer' in 0.0005 seconds. Added 5 classes and 0 folders.
[2017.03.05-10.53.17:482][ 46]LoadErrors: New page: Loading map: MotionControllerMap.umap
[2017.03.05-10.53.17:483][ 46]MapCheck: New page: Map Check
[2017.03.05-10.53.17:483][ 46]LightingResults: New page: Lighting Build
[2017.03.05-10.53.17:499][ 46]LogEditorServer: Finished looking for orphan Actors (0.000 secs)
[2017.03.05-10.53.17:523][ 46]Cmd: MAP CHECKDEP NOCLEARLOG
[2017.03.05-10.53.17:585][ 46]MapCheck: Info Map check complete: 0 Error(s), 0 Warning(s), took 61.524ms to complete.
[2017.03.05-10.53.17:585][ 46]LogFileHelpers: Loading map 'MotionControllerMap' took 0.107
[2017.03.05-10.53.24:718][892]LogBlueprintUserMessages: Early PlayInEditor Detection: Level '/Game/VirtualRealityBP/Maps/MotionControllerMap.MotionControllerMap:PersistentLevel' has LevelScriptBlueprint '/Game/VirtualRealityBP/Maps/MotionControllerMap.MotionControllerMap:PersistentLevel.MotionControllerMap' with GeneratedClass '/Game/VirtualRealityBP/Maps/MotionControllerMap.MotionControllerMap_C' with ClassGeneratedBy '/Game/VirtualRealityBP/Maps/MotionControllerMap.MotionControllerMap:PersistentLevel.MotionControllerMap'
[2017.03.05-10.53.24:718][892]LogPlayLevel: PlayLevel: No blueprints needed recompiling
[2017.03.05-10.53.24:718][892]PIE: New page: PIE session: MotionControllerMap (Mar 5, 2017, 12:53:24 AM)
[2017.03.05-10.53.24:718][892]LogPlayLevel: Creating play world package: /Game/VirtualRealityBP/Maps/UEDPIE_0_MotionControllerMap
[2017.03.05-10.53.24:724][892]LogPlayLevel: PIE: StaticDuplicateObject took: (0.005647s)
[2017.03.05-10.53.24:724][892]LogAIModule: Creating AISystem for world MotionControllerMap
[2017.03.05-10.53.24:725][892]LogPlayLevel: PIE: World Init took: (0.000822s)
[2017.03.05-10.53.24:725][892]LogPlayLevel: PIE: Created PIE world by copying editor world from /Game/VirtualRealityBP/Maps/MotionControllerMap.MotionControllerMap to /Game/VirtualRealityBP/Maps/UEDPIE_0_MotionControllerMap.MotionControllerMap (0.006758s)
[2017.03.05-10.53.24:774][892]LogInit: XAudio2 using 'Speakers (7- USB Audio Device)' : 2 channels at 44.1 kHz using 16 bits per sample (channel mask 0x3)
[2017.03.05-10.53.24:784][892]LogInit: FAudioDevice initialized.
[2017.03.05-10.53.24:885][892]LogUObjectGlobals:Warning: Failed to find object 'Class None.'
[2017.03.05-10.53.24:885][892]LogWorld: Game class is 'GameMode'
[2017.03.05-10.53.24:889][892]LogWorld: Bringing World /Game/VirtualRealityBP/Maps/UEDPIE_0_MotionControllerMap.MotionControllerMap up for play (max tick rate 0) at 2017.03.05-05.53.24
[2017.03.05-10.53.24:890][892]LogWorld: Bringing up level for play took: 0.003699
[2017.03.05-10.53.24:894][892]LogContentBrowser: Native class hierarchy updated for 'MovieSceneCapture' in 0.0005 seconds. Added 11 classes and 0 folders.
[2017.03.05-10.53.24:894][892]LogGameMode:Display: Match State Changed from EnteringMap to WaitingToStart
[2017.03.05-10.53.24:894][892]LogGameState: Match State Changed from EnteringMap to WaitingToStart
[2017.03.05-10.53.24:894][892]LogGameMode:Display: Match State Changed from WaitingToStart to InProgress
[2017.03.05-10.53.24:896][892]LogGameState: Match State Changed from WaitingToStart to InProgress
[2017.03.05-10.53.24:900][892]PIE: Info Play in editor start time for /Game/VirtualRealityBP/Maps/UEDPIE_0_MotionControllerMap 0.748
[2017.03.05-10.53.24:901][892]LogBlueprintUserMessages: Late PlayInEditor Detection: Level '/Game/VirtualRealityBP/Maps/MotionControllerMap.MotionControllerMap:PersistentLevel' has LevelScriptBlueprint '/Game/VirtualRealityBP/Maps/MotionControllerMap.MotionControllerMap:PersistentLevel.MotionControllerMap' with GeneratedClass '/Game/VirtualRealityBP/Maps/MotionControllerMap.MotionControllerMap_C' with ClassGeneratedBy '/Game/VirtualRealityBP/Maps/MotionControllerMap.MotionControllerMap:PersistentLevel.MotionControllerMap'
[2017.03.05-10.53.24:955][893]LogRenderer: Reallocating scene render targets to support 3024x1680 (Frame:1853).
[2017.03.05-10.53.46:297][757]LogBlueprintUserMessages: Early EndPlayMap Detection: Level '/Game/VirtualRealityBP/Maps/MotionControllerMap.MotionControllerMap:PersistentLevel' has LevelScriptBlueprint '/Game/VirtualRealityBP/Maps/MotionControllerMap.MotionControllerMap:PersistentLevel.MotionControllerMap' with GeneratedClass '/Game/VirtualRealityBP/Maps/MotionControllerMap.MotionControllerMap_C' with ClassGeneratedBy '/Game/VirtualRealityBP/Maps/MotionControllerMap.MotionControllerMap:PersistentLevel.MotionControllerMap'
[2017.03.05-10.53.46:374][757]LogBlueprintUserMessages: Late EndPlayMap Detection: Level '/Game/VirtualRealityBP/Maps/MotionControllerMap.MotionControllerMap:PersistentLevel' has LevelScriptBlueprint '/Game/VirtualRealityBP/Maps/MotionControllerMap.MotionControllerMap:PersistentLevel.MotionControllerMap' with GeneratedClass '/Game/VirtualRealityBP/Maps/MotionControllerMap.MotionControllerMap_C' with ClassGeneratedBy '/Game/VirtualRealityBP/Maps/MotionControllerMap.MotionControllerMap:PersistentLevel.MotionControllerMap'
[2017.03.05-10.54.40:704][952]LogEditorViewport: Clicking on Actor (context menu): TargetSpawner_C (TargetSpawner)
[2017.03.05-10.54.41:430][ 24]LogEditorViewport: Clicking on Actor (LMB): BP_Sky_Sphere_C (SkySphereBlueprint)
[2017.03.05-10.54.42:114][ 95]LogEditorViewport: Clicking on Actor (context menu): TargetSpawner_C (TargetSpawner)
[2017.03.05-10.54.43:318][229]LogEditorViewport: Clicking on Actor (LMB): BP_Sky_Sphere_C (SkySphereBlueprint)
[2017.03.05-10.54.45:207][382]LogContentBrowser: Native class hierarchy updated for 'BlueprintGraph' in 0.0010 seconds. Added 112 classes and 0 folders.
[2017.03.05-10.55.31:489][889]LogEditorViewport: Clicking on Actor (LMB): TargetSpawner_C (TargetSpawner)
[2017.03.05-10.55.34:051][ 95]LogEditorViewport: Clicking on Actor (context menu): BP_Sky_Sphere_C (SkySphereBlueprint)
[2017.03.05-10.55.34:911][156]LogEditorViewport: Clicking on Actor (LMB): BP_Sky_Sphere_C (SkySphereBlueprint)
[2017.03.05-10.55.38:144][405]LogEditorViewport: Clicking on Actor (LMB): TargetSpawner_C (TargetSpawner)
[2017.03.05-10.55.59:275][127]LogEditorViewport: Clicking on Actor (LMB): BP_Sky_Sphere_C (SkySphereBlueprint)
[2017.03.05-10.55.59:924][176]LogEditorViewport: Clicking on Actor (LMB): TargetSpawner_C (TargetSpawner)
[2017.03.05-10.56.01:034][246]LogSavePackage: Save=105.71ms
[2017.03.05-10.56.01:034][246]LogSavePackage: Moving 'C:/Users/hunte/DataRange/DataRange/Saved/MotionControllerMap513126804CF2DAC2090A60A249B8C093.tmp' to 'C:/Users/hunte/DataRange/DataRange/Content/VirtualRealityBP/Maps/MotionControllerMap.umap'
[2017.03.05-10.56.01:037][246]LogSavePackage:Display: Finished SavePackage C:/Users/hunte/DataRange/DataRange/Content/VirtualRealityBP/Maps/MotionControllerMap.umap
[2017.03.05-10.56.01:072][246]LogFileHelpers: Saving map 'MotionControllerMap' took 0.235
[2017.03.05-10.56.01:073][246]Cmd: OBJ SAVEPACKAGE PACKAGE="/Game/VirtualRealityBP/Blueprints/TargetSpawner" FILE="C:/Users/hunte/DataRange/DataRange/Content/VirtualRealityBP/Blueprints/TargetSpawner.uasset" SILENT=true
[2017.03.05-10.56.01:084][246]LogSavePackage: Save=9.60ms
[2017.03.05-10.56.01:084][246]LogSavePackage: Moving 'C:/Users/hunte/DataRange/DataRange/Saved/TargetSpawner2C8EB36440E0CB8878B7A0850CFA2DCD.tmp' to 'C:/Users/hunte/DataRange/DataRange/Content/VirtualRealityBP/Blueprints/TargetSpawner.uasset'
[2017.03.05-10.56.01:086][246]LogSavePackage:Display: Finished SavePackage C:/Users/hunte/DataRange/DataRange/Content/VirtualRealityBP/Blueprints/TargetSpawner.uasset
[2017.03.05-10.56.43:934][872]Cmd: OBJ SAVEPACKAGE PACKAGE="/Game/VirtualRealityBP/Blueprints/TargetSpawner" FILE="C:/Users/hunte/DataRange/DataRange/Content/VirtualRealityBP/Blueprints/TargetSpawner.uasset" SILENT=true
[2017.03.05-10.56.43:958][872]LogSavePackage: Save=11.32ms
[2017.03.05-10.56.43:958][872]LogSavePackage: Moving 'C:/Users/hunte/DataRange/DataRange/Saved/TargetSpawner80C2A2D849A15C3C32E80EA9B5DDD14D.tmp' to 'C:/Users/hunte/DataRange/DataRange/Content/VirtualRealityBP/Blueprints/TargetSpawner.uasset'
[2017.03.05-10.56.43:960][872]LogSavePackage:Display: Finished SavePackage C:/Users/hunte/DataRange/DataRange/Content/VirtualRealityBP/Blueprints/TargetSpawner.uasset
[2017.03.05-10.57.30:616][ 20]Cmd: OBJ SAVEPACKAGE PACKAGE="/Game/VirtualRealityBP/Blueprints/TargetSpawner" FILE="C:/Users/hunte/DataRange/DataRange/Content/VirtualRealityBP/Blueprints/TargetSpawner.uasset" SILENT=true
[2017.03.05-10.57.30:638][ 20]LogSavePackage: Save=13.20ms
[2017.03.05-10.57.30:638][ 20]LogSavePackage: Moving 'C:/Users/hunte/DataRange/DataRange/Saved/TargetSpawner0C2F797B42BA6831ED77009D7EE1A62B.tmp' to 'C:/Users/hunte/DataRange/DataRange/Content/VirtualRealityBP/Blueprints/TargetSpawner.uasset'
[2017.03.05-10.57.30:640][ 20]LogSavePackage:Display: Finished SavePackage C:/Users/hunte/DataRange/DataRange/Content/VirtualRealityBP/Blueprints/TargetSpawner.uasset
[2017.03.05-10.57.47:961][543]Cmd: OBJ SAVEPACKAGE PACKAGE="/Game/VirtualRealityBP/Blueprints/TargetSpawner" FILE="C:/Users/hunte/DataRange/DataRange/Content/VirtualRealityBP/Blueprints/TargetSpawner.uasset" SILENT=true
[2017.03.05-10.57.47:984][543]LogSavePackage: Save=13.99ms
[2017.03.05-10.57.47:984][543]LogSavePackage: Moving 'C:/Users/hunte/DataRange/DataRange/Saved/TargetSpawnerC17FA34D4F313B3BC3AF358C7A9897AD.tmp' to 'C:/Users/hunte/DataRange/DataRange/Content/VirtualRealityBP/Blu